Added Component: Designator=AMS1(HDR1X3)
Add component (AddParameter): Name = "LatestRevisionDate"; Value = "17-Jul-2002"; VariantName = "[No Variations]"
Add component (AddParameter): Name = "LatestRevisionNote"; Value = "Re-released for DXP Platform."; VariantName = "[No Variations]"
Add component (AddParameter): Name = "Publisher"; Value = "Altium Limited"; VariantName = "[No Variations]"
Added Component: Designator=C1(*CAPPRD500W60D1000H1600_ECA1CM102(Primary))
Add component (AddParameter): Name = "Availability"; Value = "In Stock"; VariantName = "[No Variations]"
Add component (AddParameter): Name = "Check_prices"; Value = "https://www.snapeda.com/parts/ECA1CM102/Panasonic/view-part/?ref=eda"; VariantName = "[No Variations]"
Add component (AddParameter): Name = "MF"; Value = "Panasonic"; VariantName = "[No Variations]"
Add component (AddParameter): Name = "MP"; Value = "ECA1CM102"; VariantName = "[No Variations]"
Add component (AddParameter): Name = "Package"; Value = "RADIAL-2 Panasonic"; VariantName = "[No Variations]"
Add component (AddParameter): Name = "Price"; Value = "None"; VariantName = "[No Variations]"
Add component (AddParameter): Name = "SnapEDA_Link"; Value = "https://www.snapeda.com/parts/ECA1CM102/Panasonic/view-part/?ref=snap"; VariantName = "[No Variations]"
Add component (AddParameter): Name = "Value"; Value = ""; VariantName = "[No Variations]"
Added Component: Designator=C2(*CAPPRD200W50D550H1250)
Add component (AddParameter): Name = "Availability"; Value = "In Stock"; VariantName = "[No Variations]"
Add component (AddParameter): Name = "Check_prices"; Value = "https://www.snapeda.com/parts/UVR1E100MDD/Nichicon/view-part/?ref=eda"; VariantName = "[No Variations]"
Add component (AddParameter): Name = "MF"; Value = "Nichicon"; VariantName = "[No Variations]"
Add component (AddParameter): Name = "MP"; Value = "UVR1E100MDD"; VariantName = "[No Variations]"
Add component (AddParameter): Name = "Package"; Value = "RADIAL-2 NICHICON"; VariantName = "[No Variations]"
Add component (AddParameter): Name = "Price"; Value = "None"; VariantName = "[No Variations]"
Add component (AddParameter): Name = "SnapEDA_Link"; Value = "https://www.snapeda.com/parts/UVR1E100MDD/Nichicon/view-part/?ref=snap"; VariantName = "[No Variations]"
Add component (AddParameter): Name = "Value"; Value = ""; VariantName = "[No Variations]"
Added Component: Designator=C3(*CAPRR508W50L508T317H508)
Add component (AddParameter): Name = "Availability"; Value = "In Stock"; VariantName = "[No Variations]"
Add component (AddParameter): Name = "Check_prices"; Value = "https://www.snapeda.com/parts/SR215E104MARTR1/AVX/view-part/?ref=eda"; VariantName = "[No Variations]"
Add component (AddParameter): Name = "MF"; Value = "AVX"; VariantName = "[No Variations]"
Add component (AddParameter): Name = "MP"; Value = "SR215E104MARTR1"; VariantName = "[No Variations]"
Add component (AddParameter): Name = "Package"; Value = "Radial AVX Interconnect / Elco"; VariantName = "[No Variations]"
Add component (AddParameter): Name = "Price"; Value = "None"; VariantName = "[No Variations]"
Add component (AddParameter): Name = "SnapEDA_Link"; Value = "https://www.snapeda.com/parts/SR215E104MARTR1/AVX/view-part/?ref=snap"; VariantName = "[No Variations]"
Add component (AddParameter): Name = "Value"; Value = ""; VariantName = "[No Variations]"
Added Component: Designator=C4(*CAPRR508W50L508T317H508)
Add component (AddParameter): Name = "Availability"; Value = "In Stock"; VariantName = "[No Variations]"
Add component (AddParameter): Name = "Check_prices"; Value = "https://www.snapeda.com/parts/SR215E104MARTR1/AVX/view-part/?ref=eda"; VariantName = "[No Variations]"
Add component (AddParameter): Name = "MF"; Value = "AVX"; VariantName = "[No Variations]"
Add component (AddParameter): Name = "MP"; Value = "SR215E104MARTR1"; VariantName = "[No Variations]"
Add component (AddParameter): Name = "Package"; Value = "Radial AVX Interconnect / Elco"; VariantName = "[No Variations]"
Add component (AddParameter): Name = "Price"; Value = "None"; VariantName = "[No Variations]"
Add component (AddParameter): Name = "SnapEDA_Link"; Value = "https://www.snapeda.com/parts/SR215E104MARTR1/AVX/view-part/?ref=snap"; VariantName = "[No Variations]"
Add component (AddParameter): Name = "Value"; Value = ""; VariantName = "[No Variations]"
Added Component: Designator=C5(*CAPPRD500W60D1000H1600_ECA1CM102(Primary))
Add component (AddParameter): Name = "Availability"; Value = "In Stock"; VariantName = "[No Variations]"
Add component (AddParameter): Name = "Check_prices"; Value = "https://www.snapeda.com/parts/ECA1CM102/Panasonic/view-part/?ref=eda"; VariantName = "[No Variations]"
Add component (AddParameter): Name = "MF"; Value = "Panasonic"; VariantName = "[No Variations]"
Add component (AddParameter): Name = "MP"; Value = "ECA1CM102"; VariantName = "[No Variations]"
Add component (AddParameter): Name = "Package"; Value = "RADIAL-2 Panasonic"; VariantName = "[No Variations]"
Add component (AddParameter): Name = "Price"; Value = "None"; VariantName = "[No Variations]"
Add component (AddParameter): Name = "SnapEDA_Link"; Value = "https://www.snapeda.com/parts/ECA1CM102/Panasonic/view-part/?ref=snap"; VariantName = "[No Variations]"
Add component (AddParameter): Name = "Value"; Value = ""; VariantName = "[No Variations]"
Added Component: Designator=C6(*CAPRR508W50L508T317H508)
Add component (AddParameter): Name = "Availability"; Value = "In Stock"; VariantName = "[No Variations]"
Add component (AddParameter): Name = "Check_prices"; Value = "https://www.snapeda.com/parts/SR215E104MARTR1/AVX/view-part/?ref=eda"; VariantName = "[No Variations]"
Add component (AddParameter): Name = "MF"; Value = "AVX"; VariantName = "[No Variations]"
Add component (AddParameter): Name = "MP"; Value = "SR215E104MARTR1"; VariantName = "[No Variations]"
Add component (AddParameter): Name = "Package"; Value = "Radial AVX Interconnect / Elco"; VariantName = "[No Variations]"
Add component (AddParameter): Name = "Price"; Value = "None"; VariantName = "[No Variations]"
Add component (AddParameter): Name = "SnapEDA_Link"; Value = "https://www.snapeda.com/parts/SR215E104MARTR1/AVX/view-part/?ref=snap"; VariantName = "[No Variations]"
Add component (AddParameter): Name = "Value"; Value = ""; VariantName = "[No Variations]"
Added Component: Designator=C7(*CAPPRD200W50D550H1250)
Add component (AddParameter): Name = "Availability"; Value = "In Stock"; VariantName = "[No Variations]"
Add component (AddParameter): Name = "Check_prices"; Value = "https://www.snapeda.com/parts/UVR1E100MDD/Nichicon/view-part/?ref=eda"; VariantName = "[No Variations]"
Add component (AddParameter): Name = "MF"; Value = "Nichicon"; VariantName = "[No Variations]"
Add component (AddParameter): Name = "MP"; Value = "UVR1E100MDD"; VariantName = "[No Variations]"
Add component (AddParameter): Name = "Package"; Value = "RADIAL-2 NICHICON"; VariantName = "[No Variations]"
Add component (AddParameter): Name = "Price"; Value = "None"; VariantName = "[No Variations]"
Add component (AddParameter): Name = "SnapEDA_Link"; Value = "https://www.snapeda.com/parts/UVR1E100MDD/Nichicon/view-part/?ref=snap"; VariantName = "[No Variations]"
Add component (AddParameter): Name = "Value"; Value = ""; VariantName = "[No Variations]"
Added Component: Designator=C8(*CAPRR508W50L508T317H508)
Add component (AddParameter): Name = "Availability"; Value = "In Stock"; VariantName = "[No Variations]"
Add component (AddParameter): Name = "Check_prices"; Value = "https://www.snapeda.com/parts/SR215E104MARTR1/AVX/view-part/?ref=eda"; VariantName = "[No Variations]"
Add component (AddParameter): Name = "MF"; Value = "AVX"; VariantName = "[No Variations]"
Add component (AddParameter): Name = "MP"; Value = "SR215E104MARTR1"; VariantName = "[No Variations]"
Add component (AddParameter): Name = "Package"; Value = "Radial AVX Interconnect / Elco"; VariantName = "[No Variations]"
Add component (AddParameter): Name = "Price"; Value = "None"; VariantName = "[No Variations]"
Add component (AddParameter): Name = "SnapEDA_Link"; Value = "https://www.snapeda.com/parts/SR215E104MARTR1/AVX/view-part/?ref=snap"; VariantName = "[No Variations]"
Add component (AddParameter): Name = "Value"; Value = ""; VariantName = "[No Variations]"
Added Component: Designator=C9(*CAPPRD200W50D550H1250)
Add component (AddParameter): Name = "Availability"; Value = "In Stock"; VariantName = "[No Variations]"
Add component (AddParameter): Name = "Check_prices"; Value = "https://www.snapeda.com/parts/UVR1E100MDD/Nichicon/view-part/?ref=eda"; VariantName = "[No Variations]"
Add component (AddParameter): Name = "MF"; Value = "Nichicon"; VariantName = "[No Variations]"
Add component (AddParameter): Name = "MP"; Value = "UVR1E100MDD"; VariantName = "[No Variations]"
Add component (AddParameter): Name = "Package"; Value = "RADIAL-2 NICHICON"; VariantName = "[No Variations]"
Add component (AddParameter): Name = "Price"; Value = "None"; VariantName = "[No Variations]"
Add component (AddParameter): Name = "SnapEDA_Link"; Value = "https://www.snapeda.com/parts/UVR1E100MDD/Nichicon/view-part/?ref=snap"; VariantName = "[No Variations]"
Add component (AddParameter): Name = "Value"; Value = ""; VariantName = "[No Variations]"
Added Component: Designator=C10(*CAPPRD200W50D550H1250)
Add component (AddParameter): Name = "Availability"; Value = "In Stock"; VariantName = "[No Variations]"
Add component (AddParameter): Name = "Check_prices"; Value = "https://www.snapeda.com/parts/SR215E104MARTR1/AVX/view-part/?ref=eda"; VariantName = "[No Variations]"
Add component (AddParameter): Name = "MF"; Value = "AVX"; VariantName = "[No Variations]"
Add component (AddParameter): Name = "MP"; Value = "SR215E104MARTR1"; VariantName = "[No Variations]"
Add component (AddParameter): Name = "Package"; Value = "Radial AVX Interconnect / Elco"; VariantName = "[No Variations]"
Add component (AddParameter): Name = "Price"; Value = "None"; VariantName = "[No Variations]"
Add component (AddParameter): Name = "SnapEDA_Link"; Value = "https://www.snapeda.com/parts/SR215E104MARTR1/AVX/view-part/?ref=snap"; VariantName = "[No Variations]"
Add component (AddParameter): Name = "Value"; Value = ""; VariantName = "[No Variations]"
Added Component: Designator=J1(*JST_B4B-XH-A(LF)(SN))
Add component (AddParameter): Name = "Availability"; Value = "In Stock"; VariantName = "[No Variations]"
Add component (AddParameter): Name = "Check_prices"; Value = "https://www.snapeda.com/parts/B4B-XH-A%20%20(LF)(SN)/JST/view-part/?ref=eda"; VariantName = "[No Variations]"
Add component (AddParameter): Name = "MF"; Value = "JST"; VariantName = "[No Variations]"
Add component (AddParameter): Name = "MP"; Value = "B4B-XH-A  (LF)(SN)"; VariantName = "[No Variations]"
Add component (AddParameter): Name = "Package"; Value = "None"; VariantName = "[No Variations]"
Add component (AddParameter): Name = "Price"; Value = "None"; VariantName = "[No Variations]"
Add component (AddParameter): Name = "SnapEDA_Link"; Value = "https://www.snapeda.com/parts/B4B-XH-A%20%20(LF)(SN)/JST/view-part/?ref=snap"; VariantName = "[No Variations]"
Add component (AddParameter): Name = "Value"; Value = ""; VariantName = "[No Variations]"
Added Component: Designator=J2(CONNECTOR_SERVO_6X3*2.54)
Added Component: Designator=P1(3X_connecteur_bornier_5.08)
Added Component: Designator=U1(Connector_STM32F103)
Added Component: Designator=U2(CONNECTOR_DRV8825)
Added Pin To Net: NetName=3V3 Pin=U1-143
Added Pin To Net: NetName=3V3 Pin=U1-143
Added Net: Name=3V3
Added Pin To Net: NetName=3V33 Pin=U1-105
Added Pin To Net: NetName=3V33 Pin=U1-105
Added Net: Name=3V33
Added Pin To Net: NetName=3VB Pin=U1-126
Added Pin To Net: NetName=3VB Pin=U1-126
Added Net: Name=3VB
Added Pin To Net: NetName=5V Pin=AMS1-2
Added Pin To Net: NetName=5V Pin=C7-1
Added Pin To Net: NetName=5V Pin=C8-1
Added Pin To Net: NetName=5V Pin=U1-107
Added Pin To Net: NetName=5V Pin=U1-107
Added Net: Name=5V
Added Pin To Net: NetName=12V Pin=AMS1-1
Added Pin To Net: NetName=12V Pin=C5-P
Added Pin To Net: NetName=12V Pin=C6-1
Added Pin To Net: NetName=12V Pin=C9-1
Added Pin To Net: NetName=12V Pin=C10-1
Added Pin To Net: NetName=12V Pin=U2-27
Added Pin To Net: NetName=12V Pin=U2-27
Added Net: Name=12V
Added Pin To Net: NetName=A1 Pin=J1-3
Added Pin To Net: NetName=A1 Pin=U2-23
Added Pin To Net: NetName=A1 Pin=U2-23
Added Net: Name=A1
Added Pin To Net: NetName=A2 Pin=J1-4
Added Pin To Net: NetName=A2 Pin=U2-22
Added Pin To Net: NetName=A2 Pin=U2-22
Added Net: Name=A2
Added Pin To Net: NetName=B1 Pin=J1-2
Added Pin To Net: NetName=B1 Pin=U2-24
Added Pin To Net: NetName=B1 Pin=U2-24
Added Net: Name=B1
Added Pin To Net: NetName=B2 Pin=J1-1
Added Pin To Net: NetName=B2 Pin=U2-25
Added Pin To Net: NetName=B2 Pin=U2-25
Added Net: Name=B2
Added Pin To Net: NetName=DIR Pin=U1-140
Added Pin To Net: NetName=DIR Pin=U1-140
Added Pin To Net: NetName=DIR Pin=U2-28
Added Pin To Net: NetName=DIR Pin=U2-28
Added Net: Name=DIR
Added Pin To Net: NetName=ENA Pin=U1-134
Added Pin To Net: NetName=ENA Pin=U1-134
Added Pin To Net: NetName=ENA Pin=U2-35
Added Pin To Net: NetName=ENA Pin=U2-35
Added Net: Name=ENA
Added Pin To Net: NetName=FLT Pin=U2-21
Added Pin To Net: NetName=FLT Pin=U2-21
Added Net: Name=FLT
Added Pin To Net: NetName=GND Pin=AMS1-3
Added Pin To Net: NetName=GND Pin=C1-N
Added Pin To Net: NetName=GND Pin=C2-2
Added Pin To Net: NetName=GND Pin=C3-2
Added Pin To Net: NetName=GND Pin=C4-2
Added Pin To Net: NetName=GND Pin=C5-N
Added Pin To Net: NetName=GND Pin=C6-2
Added Pin To Net: NetName=GND Pin=C7-2
Added Pin To Net: NetName=GND Pin=C8-2
Added Pin To Net: NetName=GND Pin=C9-2
Added Pin To Net: NetName=GND Pin=C10-2
Added Pin To Net: NetName=GND Pin=J2-31
Added Pin To Net: NetName=GND Pin=J2-32
Added Pin To Net: NetName=GND Pin=J2-33
Added Pin To Net: NetName=GND Pin=J2-34
Added Pin To Net: NetName=GND Pin=J2-35
Added Pin To Net: NetName=GND Pin=J2-36
Added Pin To Net: NetName=GND Pin=P1-149
Added Pin To Net: NetName=GND Pin=U1-106
Added Pin To Net: NetName=GND Pin=U1-106
Added Pin To Net: NetName=GND Pin=U1-144
Added Pin To Net: NetName=GND Pin=U1-144
Added Pin To Net: NetName=GND Pin=U1-145
Added Pin To Net: NetName=GND Pin=U1-145
Added Pin To Net: NetName=GND Pin=U2-20
Added Pin To Net: NetName=GND Pin=U2-20
Added Pin To Net: NetName=GND Pin=U2-26
Added Pin To Net: NetName=GND Pin=U2-26
Added Net: Name=GND
Added Pin To Net: NetName=input_12V Pin=P1-147
Added Net: Name=input_12V
Added Pin To Net: NetName=input_Vin Pin=P1-148
Added Net: Name=input_Vin
Added Pin To Net: NetName=M0 Pin=U1-135
Added Pin To Net: NetName=M0 Pin=U1-135
Added Pin To Net: NetName=M0 Pin=U2-34
Added Pin To Net: NetName=M0 Pin=U2-34
Added Net: Name=M0
Added Pin To Net: NetName=M1 Pin=U1-136
Added Pin To Net: NetName=M1 Pin=U1-136
Added Pin To Net: NetName=M1 Pin=U2-33
Added Pin To Net: NetName=M1 Pin=U2-33
Added Net: Name=M1
Added Pin To Net: NetName=M2 Pin=U1-137
Added Pin To Net: NetName=M2 Pin=U1-137
Added Pin To Net: NetName=M2 Pin=U2-32
Added Pin To Net: NetName=M2 Pin=U2-32
Added Net: Name=M2
Added Net: Name=NetLED1_2
Added Net: Name=NetLED2_2
Added Net: Name=NetPWR_2
Added Net: Name=NetR1_1
Added Pin To Net: NetName=PA_0 Pin=U1-130
Added Pin To Net: NetName=PA_0 Pin=U1-130
Added Net: Name=PA_0
Added Pin To Net: NetName=PA_1 Pin=U1-131
Added Pin To Net: NetName=PA_1 Pin=U1-131
Added Net: Name=PA_1
Added Pin To Net: NetName=PA_2 Pin=U1-132
Added Pin To Net: NetName=PA_2 Pin=U1-132
Added Net: Name=PA_2
Added Pin To Net: NetName=PA_3 Pin=U1-133
Added Pin To Net: NetName=PA_3 Pin=U1-133
Added Net: Name=PA_3
Added Pin To Net: NetName=PA_8 Pin=U1-120
Added Pin To Net: NetName=PA_8 Pin=U1-120
Added Net: Name=PA_8
Added Pin To Net: NetName=PA_19 Pin=U1-119
Added Pin To Net: NetName=PA_19 Pin=U1-119
Added Net: Name=PA_19
Added Pin To Net: NetName=PB_5 Pin=U1-112
Added Pin To Net: NetName=PB_5 Pin=U1-112
Added Net: Name=PB_5
Added Pin To Net: NetName=PB_6 Pin=U1-111
Added Pin To Net: NetName=PB_6 Pin=U1-111
Added Net: Name=PB_6
Added Pin To Net: NetName=PB_7 Pin=U1-110
Added Pin To Net: NetName=PB_7 Pin=U1-110
Added Net: Name=PB_7
Added Pin To Net: NetName=PB_8 Pin=U1-109
Added Pin To Net: NetName=PB_8 Pin=U1-109
Added Net: Name=PB_8
Added Pin To Net: NetName=PB_9 Pin=U1-108
Added Pin To Net: NetName=PB_9 Pin=U1-108
Added Net: Name=PB_9
Added Pin To Net: NetName=PB_12 Pin=U1-124
Added Pin To Net: NetName=PB_12 Pin=U1-124
Added Net: Name=PB_12
Added Pin To Net: NetName=PB_13 Pin=U1-123
Added Pin To Net: NetName=PB_13 Pin=U1-123
Added Net: Name=PB_13
Added Pin To Net: NetName=PB_14 Pin=U1-122
Added Pin To Net: NetName=PB_14 Pin=U1-122
Added Net: Name=PB_14
Added Pin To Net: NetName=PB_15 Pin=U1-121
Added Pin To Net: NetName=PB_15 Pin=U1-121
Added Net: Name=PB_15
Added Pin To Net: NetName=PC_13 Pin=U1-127
Added Pin To Net: NetName=PC_13 Pin=U1-127
Added Net: Name=PC_13
Added Pin To Net: NetName=PC_14 Pin=U1-128
Added Pin To Net: NetName=PC_14 Pin=U1-128
Added Net: Name=PC_14
Added Pin To Net: NetName=PC_15 Pin=U1-129
Added Pin To Net: NetName=PC_15 Pin=U1-129
Added Net: Name=PC_15
Added Pin To Net: NetName=RESET Pin=U1-138
Added Pin To Net: NetName=RESET Pin=U1-138
Added Pin To Net: NetName=RESET Pin=U2-31
Added Pin To Net: NetName=RESET Pin=U2-31
Added Net: Name=RESET
Added Pin To Net: NetName=RST Pin=U1-142
Added Pin To Net: NetName=RST Pin=U1-142
Added Net: Name=RST
Added Pin To Net: NetName=SIGN1 Pin=J2-25
Added Pin To Net: NetName=SIGN1 Pin=U1-113
Added Pin To Net: NetName=SIGN1 Pin=U1-113
Added Net: Name=SIGN1
Added Pin To Net: NetName=SIGN2 Pin=J2-24
Added Pin To Net: NetName=SIGN2 Pin=U1-114
Added Pin To Net: NetName=SIGN2 Pin=U1-114
Added Net: Name=SIGN2
Added Pin To Net: NetName=SIGN3 Pin=J2-23
Added Pin To Net: NetName=SIGN3 Pin=U1-115
Added Pin To Net: NetName=SIGN3 Pin=U1-115
Added Net: Name=SIGN3
Added Pin To Net: NetName=SIGN4 Pin=J2-22
Added Pin To Net: NetName=SIGN4 Pin=U1-116
Added Pin To Net: NetName=SIGN4 Pin=U1-116
Added Net: Name=SIGN4
Added Pin To Net: NetName=SIGN5 Pin=J2-21
Added Pin To Net: NetName=SIGN5 Pin=U1-117
Added Pin To Net: NetName=SIGN5 Pin=U1-117
Added Net: Name=SIGN5
Added Pin To Net: NetName=SIGN6 Pin=J2-20
Added Pin To Net: NetName=SIGN6 Pin=U1-118
Added Pin To Net: NetName=SIGN6 Pin=U1-118
Added Net: Name=SIGN6
Added Pin To Net: NetName=SLEEP Pin=U1-139
Added Pin To Net: NetName=SLEEP Pin=U1-139
Added Pin To Net: NetName=SLEEP Pin=U2-30
Added Pin To Net: NetName=SLEEP Pin=U2-30
Added Net: Name=SLEEP
Added Pin To Net: NetName=STEP Pin=U1-141
Added Pin To Net: NetName=STEP Pin=U1-141
Added Pin To Net: NetName=STEP Pin=U2-29
Added Pin To Net: NetName=STEP Pin=U2-29
Added Net: Name=STEP
Added Pin To Net: NetName=Vin Pin=C1-P
Added Pin To Net: NetName=Vin Pin=C2-1
Added Pin To Net: NetName=Vin Pin=C3-1
Added Pin To Net: NetName=Vin Pin=C4-1
Added Pin To Net: NetName=Vin Pin=J2-17
Added Pin To Net: NetName=Vin Pin=J2-26
Added Pin To Net: NetName=Vin Pin=J2-27
Added Pin To Net: NetName=Vin Pin=J2-28
Added Pin To Net: NetName=Vin Pin=J2-29
Added Pin To Net: NetName=Vin Pin=J2-30
Added Net: Name=Vin
Added Class: Name=SCH - ROBOTIC ARM
